D:\Users\Serg\Documents\Angular5_Practice\Demo\Demo\ClientApp\AutoConfigurator\models\model.js
D:\Users\Serg\Documents\Angular5_Practice\Demo\Demo\ClientApp\AutoConfigurator\models\model.js.map
D:\Users\Serg\Documents\Angular5_Practice\Demo\Demo\ClientApp\AutoConfigurator\data.service.js
D:\Users\Serg\Documents\Angular5_Practice\Demo\Demo\ClientApp\AutoConfigurator\data.service.js.map
D:\Users\Serg\Documents\Angular5_Practice\Demo\Demo\ClientApp\AutoConfigurator\models\brand.js
D:\Users\Serg\Documents\Angular5_Practice\Demo\Demo\ClientApp\AutoConfigurator\models\brand.js.map
D:\Users\Serg\Documents\Angular5_Practice\Demo\Demo\ClientApp\AutoConfigurator\models\car.js
D:\Users\Serg\Documents\Angular5_Practice\Demo\Demo\ClientApp\AutoConfigurator\models\car.js.map
D:\Users\Serg\Documents\Angular5_Practice\Demo\Demo\ClientApp\AutoConfigurator\models\dictionary.js
D:\Users\Serg\Documents\Angular5_Practice\Demo\Demo\ClientApp\AutoConfigurator\models\dictionary.js.map
D:\Users\Serg\Documents\Angular5_Practice\Demo\Demo\ClientApp\AutoConfigurator\AutoConfigurator.component.js
D:\Users\Serg\Documents\Angular5_Practice\Demo\Demo\ClientApp\AutoConfigurator\AutoConfigurator.component.js.map
D:\Users\Serg\Documents\Angular5_Practice\Demo\Demo\ClientApp\AutoConfigurator\models\viewModels\ModelSelectorViewModel.js
D:\Users\Serg\Documents\Angular5_Practice\Demo\Demo\ClientApp\AutoConfigurator\models\viewModels\ModelSelectorViewModel.js.map
D:\Users\Serg\Documents\Angular5_Practice\Demo\Demo\ClientApp\AutoConfigurator\ModelSelector\data.service.js
D:\Users\Serg\Documents\Angular5_Practice\Demo\Demo\ClientApp\AutoConfigurator\ModelSelector\data.service.js.map
D:\Users\Serg\Documents\Angular5_Practice\Demo\Demo\ClientApp\AutoConfigurator\ModelSelector\ModelSelector.component.js
D:\Users\Serg\Documents\Angular5_Practice\Demo\Demo\ClientApp\AutoConfigurator\ModelSelector\ModelSelector.component.js.map
D:\Users\Serg\Documents\Angular5_Practice\Demo\Demo\ClientApp\AutoConfigurator\AutoConfigurator.module.js
D:\Users\Serg\Documents\Angular5_Practice\Demo\Demo\ClientApp\AutoConfigurator\AutoConfigurator.module.js.map
D:\Users\Serg\Documents\Angular5_Practice\Demo\Demo\ClientApp\main.js
D:\Users\Serg\Documents\Angular5_Practice\Demo\Demo\ClientApp\main.js.map
D:\Users\Serg\Documents\Angular5_Practice\Demo\Demo\ClientApp\polyfills.js
D:\Users\Serg\Documents\Angular5_Practice\Demo\Demo\ClientApp\polyfills.js.map
D:\Users\Serg\Documents\Angular5_Practice\Demo\Demo\ClientApp\AutoConfigurator\models\engine.js
D:\Users\Serg\Documents\Angular5_Practice\Demo\Demo\ClientApp\AutoConfigurator\models\engine.js.map
D:\Users\Serg\Documents\Angular5_Practice\Demo\Demo\ClientApp\AutoConfigurator\models\engineOfModel.js
D:\Users\Serg\Documents\Angular5_Practice\Demo\Demo\ClientApp\AutoConfigurator\models\engineOfModel.js.map
D:\Users\Serg\Documents\Angular5_Practice\Demo\Demo\ClientApp\AutoConfigurator\models\option.js
D:\Users\Serg\Documents\Angular5_Practice\Demo\Demo\ClientApp\AutoConfigurator\models\option.js.map
D:\Users\Serg\Documents\Angular5_Practice\Demo\Demo\ClientApp\AutoConfigurator\models\optionsOfCar.js
D:\Users\Serg\Documents\Angular5_Practice\Demo\Demo\ClientApp\AutoConfigurator\models\optionsOfCar.js.map
D:\Users\Serg\Documents\Angular5_Practice\Demo\Demo\ClientApp\AutoConfigurator\models\suspension.js
D:\Users\Serg\Documents\Angular5_Practice\Demo\Demo\ClientApp\AutoConfigurator\models\suspension.js.map
D:\Users\Serg\Documents\Angular5_Practice\Demo\Demo\ClientApp\AutoConfigurator\models\transmission.js
D:\Users\Serg\Documents\Angular5_Practice\Demo\Demo\ClientApp\AutoConfigurator\models\transmission.js.map
D:\Users\Serg\Documents\Angular5_Practice\Demo\Demo\ClientApp\AutoConfigurator\ModelSelector\ModelSelector.module.js
D:\Users\Serg\Documents\Angular5_Practice\Demo\Demo\ClientApp\AutoConfigurator\ModelSelector\ModelSelector.module.js.map
